{
  "stats": {
    "suites": 1,
    "tests": 5,
    "passes": 5,
    "pending": 0,
    "failures": 0,
    "start": "2024-02-22T04:34:20.613Z",
    "end": "2024-02-22T04:34:24.600Z",
    "duration": 3987,
    "testsRegistered": 5,
    "passPercent": 100,
    "pendingPercent": 0,
    "other": 0,
    "hasOther": false,
    "skipped": 0,
    "hasSkipped": false
  },
  "results": [
    {
      "uuid": "ee3a1427-1b07-437c-a54b-8baf9ad4b26f",
      "title": "",
      "fullFile": "C:\\Users\\dicky\\Sanbercode\\api automation - latihan kasir aja\\test\\user\\User.js",
      "file": "\\test\\user\\User.js",
      "beforeHooks": [],
      "afterHooks": [],
      "tests": [],
      "suites": [
        {
          "uuid": "bd39c23d-0e32-4e55-b9cc-3dda2ddcf1ed",
          "title": "TS User",
          "fullFile": "C:\\Users\\dicky\\Sanbercode\\api automation - latihan kasir aja\\test\\user\\User.js",
          "file": "\\test\\user\\User.js",
          "beforeHooks": [],
          "afterHooks": [],
          "tests": [
            {
              "title": "Add User",
              "fullTitle": "TS User Add User",
              "timedOut": false,
              "duration": 1900,
              "state": "passed",
              "speed": "slow",
              "pass": true,
              "fail": false,
              "pending": false,
              "context": null,
              "code": "//test case untuk add user\n       const token = await getToken() //get token\n       const payload = userData.Success //payload ambil dari data\n       const response = await addUser(payload, token) \n       \n       //assertion menggunakan chai\n       expect(response.status).to.equal(201)\n       //console.log(response.body.data) //menampilkan respon body",
              "err": {},
              "uuid": "ad40493e-a902-4f3a-8038-6d18b8fb3d54",
              "parentUUID": "bd39c23d-0e32-4e55-b9cc-3dda2ddcf1ed",
              "isHook": false,
              "skipped": false
            },
            {
              "title": "Get list user",
              "fullTitle": "TS User Get list user",
              "timedOut": false,
              "duration": 494,
              "state": "passed",
              "speed": "slow",
              "pass": true,
              "fail": false,
              "pending": false,
              "context": null,
              "code": "const token = await getToken()\nconst response = await getUser(token)\nuserId = (await response).body.data.users[0].id\nexpect(response.status).to.equal(200)\n//console.log(response.body.data)",
              "err": {},
              "uuid": "1db25d95-e881-4ee5-a08d-b8ac847447d0",
              "parentUUID": "bd39c23d-0e32-4e55-b9cc-3dda2ddcf1ed",
              "isHook": false,
              "skipped": false
            },
            {
              "title": "Update user",
              "fullTitle": "TS User Update user",
              "timedOut": false,
              "duration": 660,
              "state": "passed",
              "speed": "slow",
              "pass": true,
              "fail": false,
              "pending": false,
              "context": null,
              "code": "const token = await getToken()\nconst response = await updateUser(userId, token)\n\n//console.log({response})\nexpect(response.status).to.equal(200)\n//console.log(response.body.data)",
              "err": {},
              "uuid": "94040500-7fd7-42da-aea3-8e6976dcafdd",
              "parentUUID": "bd39c23d-0e32-4e55-b9cc-3dda2ddcf1ed",
              "isHook": false,
              "skipped": false
            },
            {
              "title": "Get list user id",
              "fullTitle": "TS User Get list user id",
              "timedOut": false,
              "duration": 468,
              "state": "passed",
              "speed": "slow",
              "pass": true,
              "fail": false,
              "pending": false,
              "context": null,
              "code": "const token = await getToken()\nconst response = await getUserId(token,userId)\n\nexpect(response.status).to.equal(200)\n//console.log(response.body.data)",
              "err": {},
              "uuid": "e045f15a-4dfd-4bb8-add6-2dc7b7fc7486",
              "parentUUID": "bd39c23d-0e32-4e55-b9cc-3dda2ddcf1ed",
              "isHook": false,
              "skipped": false
            },
            {
              "title": "Delete user",
              "fullTitle": "TS User Delete user",
              "timedOut": false,
              "duration": 456,
              "state": "passed",
              "speed": "slow",
              "pass": true,
              "fail": false,
              "pending": false,
              "context": null,
              "code": "const token = await getToken()\nconst response = await deleteUser(token,userId)\nexpect(response.status).to.equal(200)    //expect(response.status).body.message(\"User berhasil dihapus\")\n//console.log(response.body.message)",
              "err": {},
              "uuid": "22e72c7d-611e-4225-ab93-c0d03edb8809",
              "parentUUID": "bd39c23d-0e32-4e55-b9cc-3dda2ddcf1ed",
              "isHook": false,
              "skipped": false
            }
          ],
          "suites": [],
          "passes": [
            "ad40493e-a902-4f3a-8038-6d18b8fb3d54",
            "1db25d95-e881-4ee5-a08d-b8ac847447d0",
            "94040500-7fd7-42da-aea3-8e6976dcafdd",
            "e045f15a-4dfd-4bb8-add6-2dc7b7fc7486",
            "22e72c7d-611e-4225-ab93-c0d03edb8809"
          ],
          "failures": [],
          "pending": [],
          "skipped": [],
          "duration": 3978,
          "root": false,
          "rootEmpty": false,
          "_timeout": 2000
        }
      ],
      "passes": [],
      "failures": [],
      "pending": [],
      "skipped": [],
      "duration": 0,
      "root": true,
      "rootEmpty": true,
      "_timeout": 2000
    }
  ],
  "meta": {
    "mocha": {
      "version": "10.3.0"
    },
    "mochawesome": {
      "options": {
        "quiet": false,
        "reportFilename": "mochawesome",
        "saveHtml": true,
        "saveJson": true,
        "consoleReporter": "spec",
        "useInlineDiffs": false,
        "code": true
      },
      "version": "7.1.3"
    },
    "marge": {
      "options": null,
      "version": "6.2.0"
    }
  }
}